Flow report for lab62
Sat May 07 10:22:01 2022
Quartus Prime Version 18.1.0 Build 625 09/12/2018 SJ Lite Edition


---------------------
; Table of Contents ;
---------------------
  1. Legal Notice
  2. Flow Summary
  3. Flow Settings
  4. Flow Non-Default Global Settings
  5. Flow Elapsed Time
  6. Flow OS Summary
  7. Flow Log
  8. Flow Messages
  9. Flow Suppressed Messages



----------------
; Legal Notice ;
----------------
Copyright (C) 2018  Intel Corporation. All rights reserved.
Your use of Intel Corporation's design tools, logic functions 
and other software and tools, and its AMPP partner logic 
functions, and any output files from any of the foregoing 
(including device programming or simulation files), and any 
associated documentation or information are expressly subject 
to the terms and conditions of the Intel Program License 
Subscription Agreement, the Intel Quartus Prime License Agreement,
the Intel FPGA IP License Agreement, or other applicable license
agreement, including, without limitation, that your use is for
the sole purpose of programming logic devices manufactured by
Intel and sold by Intel or its authorized distributors.  Please
refer to the applicable agreement for further details.



+----------------------------------------------------------------------------------+
; Flow Summary                                                                     ;
+------------------------------------+---------------------------------------------+
; Flow Status                        ; Successful - Sat May 07 10:22:01 2022       ;
; Quartus Prime Version              ; 18.1.0 Build 625 09/12/2018 SJ Lite Edition ;
; Revision Name                      ; lab62                                       ;
; Top-level Entity Name              ; lab62                                       ;
; Family                             ; MAX 10                                      ;
; Device                             ; 10M50DAF484C7G                              ;
; Timing Models                      ; Final                                       ;
; Total logic elements               ; 5,320 / 49,760 ( 11 % )                     ;
;     Total combinational functions  ; 4,669 / 49,760 ( 9 % )                      ;
;     Dedicated logic registers      ; 2,899 / 49,760 ( 6 % )                      ;
; Total registers                    ; 2968                                        ;
; Total pins                         ; 141 / 360 ( 39 % )                          ;
; Total virtual pins                 ; 0                                           ;
; Total memory bits                  ; 601,248 / 1,677,312 ( 36 % )                ;
; Embedded Multiplier 9-bit elements ; 0 / 288 ( 0 % )                             ;
; Total PLLs                         ; 1 / 4 ( 25 % )                              ;
; UFM blocks                         ; 0 / 1 ( 0 % )                               ;
; ADC blocks                         ; 0 / 2 ( 0 % )                               ;
+------------------------------------+---------------------------------------------+


+-----------------------------------------+
; Flow Settings                           ;
+-------------------+---------------------+
; Option            ; Setting             ;
+-------------------+---------------------+
; Start date & time ; 05/07/2022 10:19:39 ;
; Main task         ; Compilation         ;
; Revision Name     ; lab62               ;
+-------------------+---------------------+


+---------------------------------------------------------------------------------------------------------------------------------------------------------+
; Flow Non-Default Global Settings                                                                                                                        ;
+--------------------------------------+-------------------------------------------------------------+---------------+-------------------+----------------+
; Assignment Name                      ; Value                                                       ; Default Value ; Entity Name       ; Section Id     ;
+--------------------------------------+-------------------------------------------------------------+---------------+-------------------+----------------+
; COMPILER_SIGNATURE_ID                ; 2546283298306.165193677837860                               ; --            ; --                ; --             ;
; EDA_DESIGN_INSTANCE_NAME             ; NA                                                          ; --            ; --                ; testbench      ;
; EDA_NATIVELINK_SIMULATION_TEST_BENCH ; testbench                                                   ; --            ; --                ; eda_simulation ;
; EDA_OUTPUT_DATA_FORMAT               ; Verilog Hdl                                                 ; --            ; --                ; eda_simulation ;
; EDA_SIMULATION_TOOL                  ; ModelSim-Altera (Verilog)                                   ; <None>        ; --                ; --             ;
; EDA_TEST_BENCH_ENABLE_STATUS         ; TEST_BENCH_MODE                                             ; --            ; --                ; eda_simulation ;
; EDA_TEST_BENCH_FILE                  ; testbench.sv                                                ; --            ; --                ; testbench      ;
; EDA_TEST_BENCH_MODULE_NAME           ; testbench                                                   ; --            ; --                ; testbench      ;
; EDA_TEST_BENCH_NAME                  ; testbench                                                   ; --            ; --                ; eda_simulation ;
; EDA_TEST_BENCH_RUN_SIM_FOR           ; 12000 ns                                                    ; --            ; --                ; testbench      ;
; EDA_TIME_SCALE                       ; 1 ps                                                        ; --            ; --                ; eda_simulation ;
; FLOW_ENABLE_POWER_ANALYZER           ; On                                                          ; Off           ; --                ; --             ;
; MAX_CORE_JUNCTION_TEMP               ; 85                                                          ; --            ; --                ; --             ;
; MIN_CORE_JUNCTION_TEMP               ; 0                                                           ; --            ; --                ; --             ;
; MISC_FILE                            ; lab62_soc/synthesis/../lab62_soc.cmp                        ; --            ; --                ; --             ;
; MISC_FILE                            ; lab62_soc/synthesis/../../lab62_soc.qsys                    ; --            ; --                ; --             ;
; OUTPUT_IO_TIMING_FAR_END_VMEAS       ; Half Signal Swing                                           ; --            ; --                ; --             ;
; OUTPUT_IO_TIMING_FAR_END_VMEAS       ; Half Signal Swing                                           ; --            ; --                ; --             ;
; OUTPUT_IO_TIMING_NEAR_END_VMEAS      ; Half Vccio                                                  ; --            ; --                ; --             ;
; OUTPUT_IO_TIMING_NEAR_END_VMEAS      ; Half Vccio                                                  ; --            ; --                ; --             ;
; PARTITION_COLOR                      ; -- (Not supported for targeted family)                      ; --            ; DE10_LITE_Default ; Top            ;
; PARTITION_COLOR                      ; -- (Not supported for targeted family)                      ; --            ; --                ; Top            ;
; PARTITION_FITTER_PRESERVATION_LEVEL  ; -- (Not supported for targeted family)                      ; --            ; DE10_LITE_Default ; Top            ;
; PARTITION_FITTER_PRESERVATION_LEVEL  ; -- (Not supported for targeted family)                      ; --            ; --                ; Top            ;
; PARTITION_NETLIST_TYPE               ; -- (Not supported for targeted family)                      ; --            ; DE10_LITE_Default ; Top            ;
; PARTITION_NETLIST_TYPE               ; -- (Not supported for targeted family)                      ; --            ; --                ; Top            ;
; POWER_BOARD_THERMAL_MODEL            ; None (CONSERVATIVE)                                         ; --            ; --                ; --             ;
; POWER_DEFAULT_INPUT_IO_TOGGLE_RATE   ; 12.5 %                                                      ; 12.5%         ; --                ; --             ;
; POWER_PRESET_COOLING_SOLUTION        ; 23 MM HEAT SINK WITH 200 LFPM AIRFLOW                       ; --            ; --                ; --             ;
; PROJECT_OUTPUT_DIRECTORY             ; output_files                                                ; --            ; --                ; --             ;
; SLD_FILE                             ; lab62_soc/synthesis/lab62_soc.regmap                        ; --            ; --                ; --             ;
; SLD_FILE                             ; lab62_soc/synthesis/lab62_soc.debuginfo                     ; --            ; --                ; --             ;
; SLD_INFO                             ; QSYS_NAME lab62_soc HAS_SOPCINFO 1 GENERATION_ID 1651078089 ; --            ; lab62_soc         ; --             ;
; SOPCINFO_FILE                        ; lab62_soc/synthesis/../../lab62_soc.sopcinfo                ; --            ; --                ; --             ;
; SYNTHESIS_ONLY_QIP                   ; On                                                          ; --            ; --                ; --             ;
+--------------------------------------+-------------------------------------------------------------+---------------+-------------------+----------------+


+--------------------------------------------------------------------------------------------------------------------------+
; Flow Elapsed Time                                                                                                        ;
+----------------------+--------------+-------------------------+---------------------+------------------------------------+
; Module Name          ; Elapsed Time ; Average Processors Used ; Peak Virtual Memory ; Total CPU Time (on all processors) ;
+----------------------+--------------+-------------------------+---------------------+------------------------------------+
; Analysis & Synthesis ; 00:01:15     ; 1.0                     ; 5027 MB             ; 00:01:36                           ;
; Fitter               ; 00:00:28     ; 1.6                     ; 5866 MB             ; 00:00:56                           ;
; Assembler            ; 00:00:05     ; 1.0                     ; 4710 MB             ; 00:00:05                           ;
; Power Analyzer       ; 00:00:08     ; 2.2                     ; 4956 MB             ; 00:00:17                           ;
; Timing Analyzer      ; 00:00:08     ; 2.4                     ; 4924 MB             ; 00:00:16                           ;
; EDA Netlist Writer   ; 00:00:03     ; 1.0                     ; 4745 MB             ; 00:00:04                           ;
; Total                ; 00:02:07     ; --                      ; --                  ; 00:03:14                           ;
+----------------------+--------------+-------------------------+---------------------+------------------------------------+


+------------------------------------------------------------------------------------+
; Flow OS Summary                                                                    ;
+----------------------+------------------+------------+------------+----------------+
; Module Name          ; Machine Hostname ; OS Name    ; OS Version ; Processor type ;
+----------------------+------------------+------------+------------+----------------+
; Analysis & Synthesis ; LAPTOP-22LQE8R2  ; Windows 10 ; 10.0       ; x86_64         ;
; Fitter               ; LAPTOP-22LQE8R2  ; Windows 10 ; 10.0       ; x86_64         ;
; Assembler            ; LAPTOP-22LQE8R2  ; Windows 10 ; 10.0       ; x86_64         ;
; Power Analyzer       ; LAPTOP-22LQE8R2  ; Windows 10 ; 10.0       ; x86_64         ;
; Timing Analyzer      ; LAPTOP-22LQE8R2  ; Windows 10 ; 10.0       ; x86_64         ;
; EDA Netlist Writer   ; LAPTOP-22LQE8R2  ; Windows 10 ; 10.0       ; x86_64         ;
+----------------------+------------------+------------+------------+----------------+


------------
; Flow Log ;
------------
quartus_map --read_settings_files=on --write_settings_files=off lab62 -c lab62
quartus_fit --read_settings_files=off --write_settings_files=off lab62 -c lab62
quartus_asm --read_settings_files=off --write_settings_files=off lab62 -c lab62
quartus_pow --read_settings_files=off --write_settings_files=off lab62 -c lab62
quartus_sta lab62 -c lab62
quartus_eda --read_settings_files=off --write_settings_files=off lab62 -c lab62



